The system is: Linux - 4.4.0-133-generic - x86_64
Compiling the C compiler identification source file "CMakeCCompilerId.c" succeeded.
Compiler: /usr/bin/cc 
Build flags: 
Id flags: 

The output was:
0


Compilation of the C compiler identification source "CMakeCCompilerId.c" produced "a.out"

The C compiler identification is GNU, found in "/home/yue/Work/stp/build/CMakeFiles/3.5.1/CompilerIdC/a.out"

Compiling the CXX compiler identification source file "CMakeCXXCompilerId.cpp" succeeded.
Compiler: /usr/bin/c++ 
Build flags: 
Id flags: 

The output was:
0


Compilation of the CXX compiler identification source "CMakeCXXCompilerId.cpp" produced "a.out"

The CXX compiler identification is GNU, found in "/home/yue/Work/stp/build/CMakeFiles/3.5.1/CompilerIdCXX/a.out"

Determining if the C compiler works passed with the following output:
Change Dir: /home/yue/Work/stp/build/CMakeFiles/CMakeTmp

Run Build Command:"/usr/bin/make" "cmTC_1fb0a/fast"
/usr/bin/make -f CMakeFiles/cmTC_1fb0a.dir/build.make CMakeFiles/cmTC_1fb0a.dir/build
make[1]: Entering directory '/data/home/yue/Work/stp/build/CMakeFiles/CMakeTmp'
Building C object CMakeFiles/cmTC_1fb0a.dir/testCCompiler.c.o
/usr/bin/cc     -o CMakeFiles/cmTC_1fb0a.dir/testCCompiler.c.o   -c /home/yue/Work/stp/build/CMakeFiles/CMakeTmp/testCCompiler.c
Linking C executable cmTC_1fb0a
/usr/bin/cmake -E cmake_link_script CMakeFiles/cmTC_1fb0a.dir/link.txt --verbose=1
/usr/bin/cc       CMakeFiles/cmTC_1fb0a.dir/testCCompiler.c.o  -o cmTC_1fb0a -rdynamic 
make[1]: Leaving directory '/data/home/yue/Work/stp/build/CMakeFiles/CMakeTmp'


Detecting C compiler ABI info compiled with the following output:
Change Dir: /home/yue/Work/stp/build/CMakeFiles/CMakeTmp

Run Build Command:"/usr/bin/make" "cmTC_e3ba0/fast"
/usr/bin/make -f CMakeFiles/cmTC_e3ba0.dir/build.make CMakeFiles/cmTC_e3ba0.dir/build
make[1]: Entering directory '/data/home/yue/Work/stp/build/CMakeFiles/CMakeTmp'
Building C object CMakeFiles/cmTC_e3ba0.dir/CMakeCCompilerABI.c.o
/usr/bin/cc     -o CMakeFiles/cmTC_e3ba0.dir/CMakeCCompilerABI.c.o   -c /usr/share/cmake-3.5/Modules/CMakeCCompilerABI.c
Linking C executable cmTC_e3ba0
/usr/bin/cmake -E cmake_link_script CMakeFiles/cmTC_e3ba0.dir/link.txt --verbose=1
/usr/bin/cc      -v CMakeFiles/cmTC_e3ba0.dir/CMakeCCompilerABI.c.o  -o cmTC_e3ba0 -rdynamic  
Using built-in specs.
COLLECT_GCC=/usr/bin/cc
COLLECT_LTO_WRAPPER=/usr/lib/gcc/x86_64-linux-gnu/5/lto-wrapper
Target: x86_64-linux-gnu
Configured with: ../src/configure -v --with-pkgversion='Ubuntu 5.5.0-12ubuntu1~16.04' --with-bugurl=file:///usr/share/doc/gcc-5/README.Bugs --enable-languages=c,ada,c++,java,go,d,fortran,objc,obj-c++ --prefix=/usr --program-suffix=-5 --enable-shared --enable-linker-build-id --libexecdir=/usr/lib --without-included-gettext --enable-threads=posix --libdir=/usr/lib --enable-nls --with-sysroot=/ --enable-clocale=gnu --enable-libstdcxx-debug --enable-libstdcxx-time=yes --with-default-libstdcxx-abi=new --enable-gnu-unique-object --disable-vtable-verify --enable-libmpx --enable-plugin --with-system-zlib --disable-browser-plugin --enable-java-awt=gtk --enable-gtk-cairo --with-java-home=/usr/lib/jvm/java-1.5.0-gcj-5-amd64/jre --enable-java-home --with-jvm-root-dir=/usr/lib/jvm/java-1.5.0-gcj-5-amd64 --with-jvm-jar-dir=/usr/lib/jvm-exports/java-1.5.0-gcj-5-amd64 --with-arch-directory=amd64 --with-ecj-jar=/usr/share/java/eclipse-ecj.jar --enable-objc-gc --enable-multiarch --disable-werror --with-arch-32=i686 --with-abi=m64 --with-multilib-list=m32,m64,mx32 --enable-multilib --with-tune=generic --enable-checking=release --build=x86_64-linux-gnu --host=x86_64-linux-gnu --target=x86_64-linux-gnu
Thread model: posix
gcc version 5.5.0 20171010 (Ubuntu 5.5.0-12ubuntu1~16.04) 
COMPILER_PATH=/usr/lib/gcc/x86_64-linux-gnu/5/:/usr/lib/gcc/x86_64-linux-gnu/5/:/usr/lib/gcc/x86_64-linux-gnu/:/usr/lib/gcc/x86_64-linux-gnu/5/:/usr/lib/gcc/x86_64-linux-gnu/
LIBRARY_PATH=/usr/lib/gcc/x86_64-linux-gnu/5/:/usr/lib/gcc/x86_64-linux-gnu/5/../../../x86_64-linux-gnu/:/usr/lib/gcc/x86_64-linux-gnu/5/../../../../lib/:/lib/x86_64-linux-gnu/:/lib/../lib/:/usr/lib/x86_64-linux-gnu/:/usr/lib/../lib/:/usr/lib/gcc/x86_64-linux-gnu/5/../../../:/lib/:/usr/lib/
COLLECT_GCC_OPTIONS='-v' '-o' 'cmTC_e3ba0' '-rdynamic' '-mtune=generic' '-march=x86-64'
 /usr/lib/gcc/x86_64-linux-gnu/5/collect2 -plugin /usr/lib/gcc/x86_64-linux-gnu/5/liblto_plugin.so -plugin-opt=/usr/lib/gcc/x86_64-linux-gnu/5/lto-wrapper -plugin-opt=-fresolution=/tmp/ccUPNZ1v.res -plugin-opt=-pass-through=-lgcc -plugin-opt=-pass-through=-lgcc_s -plugin-opt=-pass-through=-lc -plugin-opt=-pass-through=-lgcc -plugin-opt=-pass-through=-lgcc_s --sysroot=/ --build-id --eh-frame-hdr -m elf_x86_64 --hash-style=gnu --as-needed -export-dynamic -dynamic-linker /lib64/ld-linux-x86-64.so.2 -z relro -o cmTC_e3ba0 /usr/lib/gcc/x86_64-linux-gnu/5/../../../x86_64-linux-gnu/crt1.o /usr/lib/gcc/x86_64-linux-gnu/5/../../../x86_64-linux-gnu/crti.o /usr/lib/gcc/x86_64-linux-gnu/5/crtbegin.o -L/usr/lib/gcc/x86_64-linux-gnu/5 -L/usr/lib/gcc/x86_64-linux-gnu/5/../../../x86_64-linux-gnu -L/usr/lib/gcc/x86_64-linux-gnu/5/../../../../lib -L/lib/x86_64-linux-gnu -L/lib/../lib -L/usr/lib/x86_64-linux-gnu -L/usr/lib/../lib -L/usr/lib/gcc/x86_64-linux-gnu/5/../../.. CMakeFiles/cmTC_e3ba0.dir/CMakeCCompilerABI.c.o -lgcc --push-state --as-needed -lgcc_s --pop-state -lc -lgcc --push-state --as-needed -lgcc_s --pop-state /usr/lib/gcc/x86_64-linux-gnu/5/crtend.o /usr/lib/gcc/x86_64-linux-gnu/5/../../../x86_64-linux-gnu/crtn.o
make[1]: Leaving directory '/data/home/yue/Work/stp/build/CMakeFiles/CMakeTmp'


Parsed C implicit link information from above output:
  link line regex: [^( *|.*[/\])(ld|([^/\]+-)?ld|collect2)[^/\]*( |$)]
  ignore line: [Change Dir: /home/yue/Work/stp/build/CMakeFiles/CMakeTmp]
  ignore line: []
  ignore line: [Run Build Command:"/usr/bin/make" "cmTC_e3ba0/fast"]
  ignore line: [/usr/bin/make -f CMakeFiles/cmTC_e3ba0.dir/build.make CMakeFiles/cmTC_e3ba0.dir/build]
  ignore line: [make[1]: Entering directory '/data/home/yue/Work/stp/build/CMakeFiles/CMakeTmp']
  ignore line: [Building C object CMakeFiles/cmTC_e3ba0.dir/CMakeCCompilerABI.c.o]
  ignore line: [/usr/bin/cc     -o CMakeFiles/cmTC_e3ba0.dir/CMakeCCompilerABI.c.o   -c /usr/share/cmake-3.5/Modules/CMakeCCompilerABI.c]
  ignore line: [Linking C executable cmTC_e3ba0]
  ignore line: [/usr/bin/cmake -E cmake_link_script CMakeFiles/cmTC_e3ba0.dir/link.txt --verbose=1]
  ignore line: [/usr/bin/cc      -v CMakeFiles/cmTC_e3ba0.dir/CMakeCCompilerABI.c.o  -o cmTC_e3ba0 -rdynamic  ]
  ignore line: [Using built-in specs.]
  ignore line: [COLLECT_GCC=/usr/bin/cc]
  ignore line: [COLLECT_LTO_WRAPPER=/usr/lib/gcc/x86_64-linux-gnu/5/lto-wrapper]
  ignore line: [Target: x86_64-linux-gnu]
  ignore line: [Configured with: ../src/configure -v --with-pkgversion='Ubuntu 5.5.0-12ubuntu1~16.04' --with-bugurl=file:///usr/share/doc/gcc-5/README.Bugs --enable-languages=c,ada,c++,java,go,d,fortran,objc,obj-c++ --prefix=/usr --program-suffix=-5 --enable-shared --enable-linker-build-id --libexecdir=/usr/lib --without-included-gettext --enable-threads=posix --libdir=/usr/lib --enable-nls --with-sysroot=/ --enable-clocale=gnu --enable-libstdcxx-debug --enable-libstdcxx-time=yes --with-default-libstdcxx-abi=new --enable-gnu-unique-object --disable-vtable-verify --enable-libmpx --enable-plugin --with-system-zlib --disable-browser-plugin --enable-java-awt=gtk --enable-gtk-cairo --with-java-home=/usr/lib/jvm/java-1.5.0-gcj-5-amd64/jre --enable-java-home --with-jvm-root-dir=/usr/lib/jvm/java-1.5.0-gcj-5-amd64 --with-jvm-jar-dir=/usr/lib/jvm-exports/java-1.5.0-gcj-5-amd64 --with-arch-directory=amd64 --with-ecj-jar=/usr/share/java/eclipse-ecj.jar --enable-objc-gc --enable-multiarch --disable-werror --with-arch-32=i686 --with-abi=m64 --with-multilib-list=m32,m64,mx32 --enable-multilib --with-tune=generic --enable-checking=release --build=x86_64-linux-gnu --host=x86_64-linux-gnu --target=x86_64-linux-gnu]
  ignore line: [Thread model: posix]
  ignore line: [gcc version 5.5.0 20171010 (Ubuntu 5.5.0-12ubuntu1~16.04) ]
  ignore line: [COMPILER_PATH=/usr/lib/gcc/x86_64-linux-gnu/5/:/usr/lib/gcc/x86_64-linux-gnu/5/:/usr/lib/gcc/x86_64-linux-gnu/:/usr/lib/gcc/x86_64-linux-gnu/5/:/usr/lib/gcc/x86_64-linux-gnu/]
  ignore line: [LIBRARY_PATH=/usr/lib/gcc/x86_64-linux-gnu/5/:/usr/lib/gcc/x86_64-linux-gnu/5/../../../x86_64-linux-gnu/:/usr/lib/gcc/x86_64-linux-gnu/5/../../../../lib/:/lib/x86_64-linux-gnu/:/lib/../lib/:/usr/lib/x86_64-linux-gnu/:/usr/lib/../lib/:/usr/lib/gcc/x86_64-linux-gnu/5/../../../:/lib/:/usr/lib/]
  ignore line: [COLLECT_GCC_OPTIONS='-v' '-o' 'cmTC_e3ba0' '-rdynamic' '-mtune=generic' '-march=x86-64']
  link line: [ /usr/lib/gcc/x86_64-linux-gnu/5/collect2 -plugin /usr/lib/gcc/x86_64-linux-gnu/5/liblto_plugin.so -plugin-opt=/usr/lib/gcc/x86_64-linux-gnu/5/lto-wrapper -plugin-opt=-fresolution=/tmp/ccUPNZ1v.res -plugin-opt=-pass-through=-lgcc -plugin-opt=-pass-through=-lgcc_s -plugin-opt=-pass-through=-lc -plugin-opt=-pass-through=-lgcc -plugin-opt=-pass-through=-lgcc_s --sysroot=/ --build-id --eh-frame-hdr -m elf_x86_64 --hash-style=gnu --as-needed -export-dynamic -dynamic-linker /lib64/ld-linux-x86-64.so.2 -z relro -o cmTC_e3ba0 /usr/lib/gcc/x86_64-linux-gnu/5/../../../x86_64-linux-gnu/crt1.o /usr/lib/gcc/x86_64-linux-gnu/5/../../../x86_64-linux-gnu/crti.o /usr/lib/gcc/x86_64-linux-gnu/5/crtbegin.o -L/usr/lib/gcc/x86_64-linux-gnu/5 -L/usr/lib/gcc/x86_64-linux-gnu/5/../../../x86_64-linux-gnu -L/usr/lib/gcc/x86_64-linux-gnu/5/../../../../lib -L/lib/x86_64-linux-gnu -L/lib/../lib -L/usr/lib/x86_64-linux-gnu -L/usr/lib/../lib -L/usr/lib/gcc/x86_64-linux-gnu/5/../../.. CMakeFiles/cmTC_e3ba0.dir/CMakeCCompilerABI.c.o -lgcc --push-state --as-needed -lgcc_s --pop-state -lc -lgcc --push-state --as-needed -lgcc_s --pop-state /usr/lib/gcc/x86_64-linux-gnu/5/crtend.o /usr/lib/gcc/x86_64-linux-gnu/5/../../../x86_64-linux-gnu/crtn.o]
    arg [/usr/lib/gcc/x86_64-linux-gnu/5/collect2] ==> ignore
    arg [-plugin] ==> ignore
    arg [/usr/lib/gcc/x86_64-linux-gnu/5/liblto_plugin.so] ==> ignore
    arg [-plugin-opt=/usr/lib/gcc/x86_64-linux-gnu/5/lto-wrapper] ==> ignore
    arg [-plugin-opt=-fresolution=/tmp/ccUPNZ1v.res] ==> ignore
    arg [-plugin-opt=-pass-through=-lgcc] ==> ignore
    arg [-plugin-opt=-pass-through=-lgcc_s] ==> ignore
    arg [-plugin-opt=-pass-through=-lc] ==> ignore
    arg [-plugin-opt=-pass-through=-lgcc] ==> ignore
    arg [-plugin-opt=-pass-through=-lgcc_s] ==> ignore
    arg [--sysroot=/] ==> ignore
    arg [--build-id] ==> ignore
    arg [--eh-frame-hdr] ==> ignore
    arg [-m] ==> ignore
    arg [elf_x86_64] ==> ignore
    arg [--hash-style=gnu] ==> ignore
    arg [--as-needed] ==> ignore
    arg [-export-dynamic] ==> ignore
    arg [-dynamic-linker] ==> ignore
    arg [/lib64/ld-linux-x86-64.so.2] ==> ignore
    arg [-zrelro] ==> ignore
    arg [-o] ==> ignore
    arg [cmTC_e3ba0] ==> ignore
    arg [/usr/lib/gcc/x86_64-linux-gnu/5/../../../x86_64-linux-gnu/crt1.o] ==> ignore
    arg [/usr/lib/gcc/x86_64-linux-gnu/5/../../../x86_64-linux-gnu/crti.o] ==> ignore
    arg [/usr/lib/gcc/x86_64-linux-gnu/5/crtbegin.o] ==> ignore
    arg [-L/usr/lib/gcc/x86_64-linux-gnu/5] ==> dir [/usr/lib/gcc/x86_64-linux-gnu/5]
    arg [-L/usr/lib/gcc/x86_64-linux-gnu/5/../../../x86_64-linux-gnu] ==> dir [/usr/lib/gcc/x86_64-linux-gnu/5/../../../x86_64-linux-gnu]
    arg [-L/usr/lib/gcc/x86_64-linux-gnu/5/../../../../lib] ==> dir [/usr/lib/gcc/x86_64-linux-gnu/5/../../../../lib]
    arg [-L/lib/x86_64-linux-gnu] ==> dir [/lib/x86_64-linux-gnu]
    arg [-L/lib/../lib] ==> dir [/lib/../lib]
    arg [-L/usr/lib/x86_64-linux-gnu] ==> dir [/usr/lib/x86_64-linux-gnu]
    arg [-L/usr/lib/../lib] ==> dir [/usr/lib/../lib]
    arg [-L/usr/lib/gcc/x86_64-linux-gnu/5/../../..] ==> dir [/usr/lib/gcc/x86_64-linux-gnu/5/../../..]
    arg [CMakeFiles/cmTC_e3ba0.dir/CMakeCCompilerABI.c.o] ==> ignore
    arg [-lgcc] ==> lib [gcc]
    arg [--push-state] ==> ignore
    arg [--as-needed] ==> ignore
    arg [-lgcc_s] ==> lib [gcc_s]
    arg [--pop-state] ==> ignore
    arg [-lc] ==> lib [c]
    arg [-lgcc] ==> lib [gcc]
    arg [--push-state] ==> ignore
    arg [--as-needed] ==> ignore
    arg [-lgcc_s] ==> lib [gcc_s]
    arg [--pop-state] ==> ignore
    arg [/usr/lib/gcc/x86_64-linux-gnu/5/crtend.o] ==> ignore
    arg [/usr/lib/gcc/x86_64-linux-gnu/5/../../../x86_64-linux-gnu/crtn.o] ==> ignore
  remove lib [gcc]
  remove lib [gcc_s]
  remove lib [gcc]
  remove lib [gcc_s]
  collapse library dir [/usr/lib/gcc/x86_64-linux-gnu/5] ==> [/usr/lib/gcc/x86_64-linux-gnu/5]
  collapse library dir [/usr/lib/gcc/x86_64-linux-gnu/5/../../../x86_64-linux-gnu] ==> [/usr/lib/x86_64-linux-gnu]
  collapse library dir [/usr/lib/gcc/x86_64-linux-gnu/5/../../../../lib] ==> [/usr/lib]
  collapse library dir [/lib/x86_64-linux-gnu] ==> [/lib/x86_64-linux-gnu]
  collapse library dir [/lib/../lib] ==> [/lib]
  collapse library dir [/usr/lib/x86_64-linux-gnu] ==> [/usr/lib/x86_64-linux-gnu]
  collapse library dir [/usr/lib/../lib] ==> [/usr/lib]
  collapse library dir [/usr/lib/gcc/x86_64-linux-gnu/5/../../..] ==> [/usr/lib]
  implicit libs: [c]
  implicit dirs: [/usr/lib/gcc/x86_64-linux-gnu/5;/usr/lib/x86_64-linux-gnu;/usr/lib;/lib/x86_64-linux-gnu;/lib]
  implicit fwks: []




Detecting C [-std=c11] compiler features compiled with the following output:
Change Dir: /home/yue/Work/stp/build/CMakeFiles/CMakeTmp

Run Build Command:"/usr/bin/make" "cmTC_05cc7/fast"
/usr/bin/make -f CMakeFiles/cmTC_05cc7.dir/build.make CMakeFiles/cmTC_05cc7.dir/build
make[1]: Entering directory '/data/home/yue/Work/stp/build/CMakeFiles/CMakeTmp'
Building C object CMakeFiles/cmTC_05cc7.dir/feature_tests.c.o
/usr/bin/cc    -std=c11 -o CMakeFiles/cmTC_05cc7.dir/feature_tests.c.o   -c /home/yue/Work/stp/build/CMakeFiles/feature_tests.c
Linking C executable cmTC_05cc7
/usr/bin/cmake -E cmake_link_script CMakeFiles/cmTC_05cc7.dir/link.txt --verbose=1
/usr/bin/cc       CMakeFiles/cmTC_05cc7.dir/feature_tests.c.o  -o cmTC_05cc7 -rdynamic 
make[1]: Leaving directory '/data/home/yue/Work/stp/build/CMakeFiles/CMakeTmp'


    Feature record: C_FEATURE:1c_function_prototypes
    Feature record: C_FEATURE:1c_restrict
    Feature record: C_FEATURE:1c_static_assert
    Feature record: C_FEATURE:1c_variadic_macros


Detecting C [-std=c99] compiler features compiled with the following output:
Change Dir: /home/yue/Work/stp/build/CMakeFiles/CMakeTmp

Run Build Command:"/usr/bin/make" "cmTC_9f9ea/fast"
/usr/bin/make -f CMakeFiles/cmTC_9f9ea.dir/build.make CMakeFiles/cmTC_9f9ea.dir/build
make[1]: Entering directory '/data/home/yue/Work/stp/build/CMakeFiles/CMakeTmp'
Building C object CMakeFiles/cmTC_9f9ea.dir/feature_tests.c.o
/usr/bin/cc    -std=c99 -o CMakeFiles/cmTC_9f9ea.dir/feature_tests.c.o   -c /home/yue/Work/stp/build/CMakeFiles/feature_tests.c
Linking C executable cmTC_9f9ea
/usr/bin/cmake -E cmake_link_script CMakeFiles/cmTC_9f9ea.dir/link.txt --verbose=1
/usr/bin/cc       CMakeFiles/cmTC_9f9ea.dir/feature_tests.c.o  -o cmTC_9f9ea -rdynamic 
make[1]: Leaving directory '/data/home/yue/Work/stp/build/CMakeFiles/CMakeTmp'


    Feature record: C_FEATURE:1c_function_prototypes
    Feature record: C_FEATURE:1c_restrict
    Feature record: C_FEATURE:0c_static_assert
    Feature record: C_FEATURE:1c_variadic_macros


Detecting C [-std=c90] compiler features compiled with the following output:
Change Dir: /home/yue/Work/stp/build/CMakeFiles/CMakeTmp

Run Build Command:"/usr/bin/make" "cmTC_eb0f2/fast"
/usr/bin/make -f CMakeFiles/cmTC_eb0f2.dir/build.make CMakeFiles/cmTC_eb0f2.dir/build
make[1]: Entering directory '/data/home/yue/Work/stp/build/CMakeFiles/CMakeTmp'
Building C object CMakeFiles/cmTC_eb0f2.dir/feature_tests.c.o
/usr/bin/cc    -std=c90 -o CMakeFiles/cmTC_eb0f2.dir/feature_tests.c.o   -c /home/yue/Work/stp/build/CMakeFiles/feature_tests.c
Linking C executable cmTC_eb0f2
/usr/bin/cmake -E cmake_link_script CMakeFiles/cmTC_eb0f2.dir/link.txt --verbose=1
/usr/bin/cc       CMakeFiles/cmTC_eb0f2.dir/feature_tests.c.o  -o cmTC_eb0f2 -rdynamic 
make[1]: Leaving directory '/data/home/yue/Work/stp/build/CMakeFiles/CMakeTmp'


    Feature record: C_FEATURE:1c_function_prototypes
    Feature record: C_FEATURE:0c_restrict
    Feature record: C_FEATURE:0c_static_assert
    Feature record: C_FEATURE:0c_variadic_macros
Determining if the CXX compiler works passed with the following output:
Change Dir: /home/yue/Work/stp/build/CMakeFiles/CMakeTmp

Run Build Command:"/usr/bin/make" "cmTC_3f337/fast"
/usr/bin/make -f CMakeFiles/cmTC_3f337.dir/build.make CMakeFiles/cmTC_3f337.dir/build
make[1]: Entering directory '/data/home/yue/Work/stp/build/CMakeFiles/CMakeTmp'
Building CXX object CMakeFiles/cmTC_3f337.dir/testCXXCompiler.cxx.o
/usr/bin/c++      -o CMakeFiles/cmTC_3f337.dir/testCXXCompiler.cxx.o -c /home/yue/Work/stp/build/CMakeFiles/CMakeTmp/testCXXCompiler.cxx
Linking CXX executable cmTC_3f337
/usr/bin/cmake -E cmake_link_script CMakeFiles/cmTC_3f337.dir/link.txt --verbose=1
/usr/bin/c++        CMakeFiles/cmTC_3f337.dir/testCXXCompiler.cxx.o  -o cmTC_3f337 -rdynamic 
make[1]: Leaving directory '/data/home/yue/Work/stp/build/CMakeFiles/CMakeTmp'


Detecting CXX compiler ABI info compiled with the following output:
Change Dir: /home/yue/Work/stp/build/CMakeFiles/CMakeTmp

Run Build Command:"/usr/bin/make" "cmTC_bd43e/fast"
/usr/bin/make -f CMakeFiles/cmTC_bd43e.dir/build.make CMakeFiles/cmTC_bd43e.dir/build
make[1]: Entering directory '/data/home/yue/Work/stp/build/CMakeFiles/CMakeTmp'
Building CXX object CMakeFiles/cmTC_bd43e.dir/CMakeCXXCompilerABI.cpp.o
/usr/bin/c++      -o CMakeFiles/cmTC_bd43e.dir/CMakeCXXCompilerABI.cpp.o -c /usr/share/cmake-3.5/Modules/CMakeCXXCompilerABI.cpp
Linking CXX executable cmTC_bd43e
/usr/bin/cmake -E cmake_link_script CMakeFiles/cmTC_bd43e.dir/link.txt --verbose=1
/usr/bin/c++       -v CMakeFiles/cmTC_bd43e.dir/CMakeCXXCompilerABI.cpp.o  -o cmTC_bd43e -rdynamic  
Using built-in specs.
COLLECT_GCC=/usr/bin/c++
COLLECT_LTO_WRAPPER=/usr/lib/gcc/x86_64-linux-gnu/5/lto-wrapper
Target: x86_64-linux-gnu
Configured with: ../src/configure -v --with-pkgversion='Ubuntu 5.5.0-12ubuntu1~16.04' --with-bugurl=file:///usr/share/doc/gcc-5/README.Bugs --enable-languages=c,ada,c++,java,go,d,fortran,objc,obj-c++ --prefix=/usr --program-suffix=-5 --enable-shared --enable-linker-build-id --libexecdir=/usr/lib --without-included-gettext --enable-threads=posix --libdir=/usr/lib --enable-nls --with-sysroot=/ --enable-clocale=gnu --enable-libstdcxx-debug --enable-libstdcxx-time=yes --with-default-libstdcxx-abi=new --enable-gnu-unique-object --disable-vtable-verify --enable-libmpx --enable-plugin --with-system-zlib --disable-browser-plugin --enable-java-awt=gtk --enable-gtk-cairo --with-java-home=/usr/lib/jvm/java-1.5.0-gcj-5-amd64/jre --enable-java-home --with-jvm-root-dir=/usr/lib/jvm/java-1.5.0-gcj-5-amd64 --with-jvm-jar-dir=/usr/lib/jvm-exports/java-1.5.0-gcj-5-amd64 --with-arch-directory=amd64 --with-ecj-jar=/usr/share/java/eclipse-ecj.jar --enable-objc-gc --enable-multiarch --disable-werror --with-arch-32=i686 --with-abi=m64 --with-multilib-list=m32,m64,mx32 --enable-multilib --with-tune=generic --enable-checking=release --build=x86_64-linux-gnu --host=x86_64-linux-gnu --target=x86_64-linux-gnu
Thread model: posix
gcc version 5.5.0 20171010 (Ubuntu 5.5.0-12ubuntu1~16.04) 
COMPILER_PATH=/usr/lib/gcc/x86_64-linux-gnu/5/:/usr/lib/gcc/x86_64-linux-gnu/5/:/usr/lib/gcc/x86_64-linux-gnu/:/usr/lib/gcc/x86_64-linux-gnu/5/:/usr/lib/gcc/x86_64-linux-gnu/
LIBRARY_PATH=/usr/lib/gcc/x86_64-linux-gnu/5/:/usr/lib/gcc/x86_64-linux-gnu/5/../../../x86_64-linux-gnu/:/usr/lib/gcc/x86_64-linux-gnu/5/../../../../lib/:/lib/x86_64-linux-gnu/:/lib/../lib/:/usr/lib/x86_64-linux-gnu/:/usr/lib/../lib/:/usr/lib/gcc/x86_64-linux-gnu/5/../../../:/lib/:/usr/lib/
COLLECT_GCC_OPTIONS='-v' '-o' 'cmTC_bd43e' '-rdynamic' '-shared-libgcc' '-mtune=generic' '-march=x86-64'
 /usr/lib/gcc/x86_64-linux-gnu/5/collect2 -plugin /usr/lib/gcc/x86_64-linux-gnu/5/liblto_plugin.so -plugin-opt=/usr/lib/gcc/x86_64-linux-gnu/5/lto-wrapper -plugin-opt=-fresolution=/tmp/cc3KcCrg.res -plugin-opt=-pass-through=-lgcc_s -plugin-opt=-pass-through=-lgcc -plugin-opt=-pass-through=-lc -plugin-opt=-pass-through=-lgcc_s -plugin-opt=-pass-through=-lgcc --sysroot=/ --build-id --eh-frame-hdr -m elf_x86_64 --hash-style=gnu --as-needed -export-dynamic -dynamic-linker /lib64/ld-linux-x86-64.so.2 -z relro -o cmTC_bd43e /usr/lib/gcc/x86_64-linux-gnu/5/../../../x86_64-linux-gnu/crt1.o /usr/lib/gcc/x86_64-linux-gnu/5/../../../x86_64-linux-gnu/crti.o /usr/lib/gcc/x86_64-linux-gnu/5/crtbegin.o -L/usr/lib/gcc/x86_64-linux-gnu/5 -L/usr/lib/gcc/x86_64-linux-gnu/5/../../../x86_64-linux-gnu -L/usr/lib/gcc/x86_64-linux-gnu/5/../../../../lib -L/lib/x86_64-linux-gnu -L/lib/../lib -L/usr/lib/x86_64-linux-gnu -L/usr/lib/../lib -L/usr/lib/gcc/x86_64-linux-gnu/5/../../.. CMakeFiles/cmTC_bd43e.dir/CMakeCXXCompilerABI.cpp.o -lstdc++ -lm -lgcc_s -lgcc -lc -lgcc_s -lgcc /usr/lib/gcc/x86_64-linux-gnu/5/crtend.o /usr/lib/gcc/x86_64-linux-gnu/5/../../../x86_64-linux-gnu/crtn.o
make[1]: Leaving directory '/data/home/yue/Work/stp/build/CMakeFiles/CMakeTmp'


Parsed CXX implicit link information from above output:
  link line regex: [^( *|.*[/\])(ld|([^/\]+-)?ld|collect2)[^/\]*( |$)]
  ignore line: [Change Dir: /home/yue/Work/stp/build/CMakeFiles/CMakeTmp]
  ignore line: []
  ignore line: [Run Build Command:"/usr/bin/make" "cmTC_bd43e/fast"]
  ignore line: [/usr/bin/make -f CMakeFiles/cmTC_bd43e.dir/build.make CMakeFiles/cmTC_bd43e.dir/build]
  ignore line: [make[1]: Entering directory '/data/home/yue/Work/stp/build/CMakeFiles/CMakeTmp']
  ignore line: [Building CXX object CMakeFiles/cmTC_bd43e.dir/CMakeCXXCompilerABI.cpp.o]
  ignore line: [/usr/bin/c++      -o CMakeFiles/cmTC_bd43e.dir/CMakeCXXCompilerABI.cpp.o -c /usr/share/cmake-3.5/Modules/CMakeCXXCompilerABI.cpp]
  ignore line: [Linking CXX executable cmTC_bd43e]
  ignore line: [/usr/bin/cmake -E cmake_link_script CMakeFiles/cmTC_bd43e.dir/link.txt --verbose=1]
  ignore line: [/usr/bin/c++       -v CMakeFiles/cmTC_bd43e.dir/CMakeCXXCompilerABI.cpp.o  -o cmTC_bd43e -rdynamic  ]
  ignore line: [Using built-in specs.]
  ignore line: [COLLECT_GCC=/usr/bin/c++]
  ignore line: [COLLECT_LTO_WRAPPER=/usr/lib/gcc/x86_64-linux-gnu/5/lto-wrapper]
  ignore line: [Target: x86_64-linux-gnu]
  ignore line: [Configured with: ../src/configure -v --with-pkgversion='Ubuntu 5.5.0-12ubuntu1~16.04' --with-bugurl=file:///usr/share/doc/gcc-5/README.Bugs --enable-languages=c,ada,c++,java,go,d,fortran,objc,obj-c++ --prefix=/usr --program-suffix=-5 --enable-shared --enable-linker-build-id --libexecdir=/usr/lib --without-included-gettext --enable-threads=posix --libdir=/usr/lib --enable-nls --with-sysroot=/ --enable-clocale=gnu --enable-libstdcxx-debug --enable-libstdcxx-time=yes --with-default-libstdcxx-abi=new --enable-gnu-unique-object --disable-vtable-verify --enable-libmpx --enable-plugin --with-system-zlib --disable-browser-plugin --enable-java-awt=gtk --enable-gtk-cairo --with-java-home=/usr/lib/jvm/java-1.5.0-gcj-5-amd64/jre --enable-java-home --with-jvm-root-dir=/usr/lib/jvm/java-1.5.0-gcj-5-amd64 --with-jvm-jar-dir=/usr/lib/jvm-exports/java-1.5.0-gcj-5-amd64 --with-arch-directory=amd64 --with-ecj-jar=/usr/share/java/eclipse-ecj.jar --enable-objc-gc --enable-multiarch --disable-werror --with-arch-32=i686 --with-abi=m64 --with-multilib-list=m32,m64,mx32 --enable-multilib --with-tune=generic --enable-checking=release --build=x86_64-linux-gnu --host=x86_64-linux-gnu --target=x86_64-linux-gnu]
  ignore line: [Thread model: posix]
  ignore line: [gcc version 5.5.0 20171010 (Ubuntu 5.5.0-12ubuntu1~16.04) ]
  ignore line: [COMPILER_PATH=/usr/lib/gcc/x86_64-linux-gnu/5/:/usr/lib/gcc/x86_64-linux-gnu/5/:/usr/lib/gcc/x86_64-linux-gnu/:/usr/lib/gcc/x86_64-linux-gnu/5/:/usr/lib/gcc/x86_64-linux-gnu/]
  ignore line: [LIBRARY_PATH=/usr/lib/gcc/x86_64-linux-gnu/5/:/usr/lib/gcc/x86_64-linux-gnu/5/../../../x86_64-linux-gnu/:/usr/lib/gcc/x86_64-linux-gnu/5/../../../../lib/:/lib/x86_64-linux-gnu/:/lib/../lib/:/usr/lib/x86_64-linux-gnu/:/usr/lib/../lib/:/usr/lib/gcc/x86_64-linux-gnu/5/../../../:/lib/:/usr/lib/]
  ignore line: [COLLECT_GCC_OPTIONS='-v' '-o' 'cmTC_bd43e' '-rdynamic' '-shared-libgcc' '-mtune=generic' '-march=x86-64']
  link line: [ /usr/lib/gcc/x86_64-linux-gnu/5/collect2 -plugin /usr/lib/gcc/x86_64-linux-gnu/5/liblto_plugin.so -plugin-opt=/usr/lib/gcc/x86_64-linux-gnu/5/lto-wrapper -plugin-opt=-fresolution=/tmp/cc3KcCrg.res -plugin-opt=-pass-through=-lgcc_s -plugin-opt=-pass-through=-lgcc -plugin-opt=-pass-through=-lc -plugin-opt=-pass-through=-lgcc_s -plugin-opt=-pass-through=-lgcc --sysroot=/ --build-id --eh-frame-hdr -m elf_x86_64 --hash-style=gnu --as-needed -export-dynamic -dynamic-linker /lib64/ld-linux-x86-64.so.2 -z relro -o cmTC_bd43e /usr/lib/gcc/x86_64-linux-gnu/5/../../../x86_64-linux-gnu/crt1.o /usr/lib/gcc/x86_64-linux-gnu/5/../../../x86_64-linux-gnu/crti.o /usr/lib/gcc/x86_64-linux-gnu/5/crtbegin.o -L/usr/lib/gcc/x86_64-linux-gnu/5 -L/usr/lib/gcc/x86_64-linux-gnu/5/../../../x86_64-linux-gnu -L/usr/lib/gcc/x86_64-linux-gnu/5/../../../../lib -L/lib/x86_64-linux-gnu -L/lib/../lib -L/usr/lib/x86_64-linux-gnu -L/usr/lib/../lib -L/usr/lib/gcc/x86_64-linux-gnu/5/../../.. CMakeFiles/cmTC_bd43e.dir/CMakeCXXCompilerABI.cpp.o -lstdc++ -lm -lgcc_s -lgcc -lc -lgcc_s -lgcc /usr/lib/gcc/x86_64-linux-gnu/5/crtend.o /usr/lib/gcc/x86_64-linux-gnu/5/../../../x86_64-linux-gnu/crtn.o]
    arg [/usr/lib/gcc/x86_64-linux-gnu/5/collect2] ==> ignore
    arg [-plugin] ==> ignore
    arg [/usr/lib/gcc/x86_64-linux-gnu/5/liblto_plugin.so] ==> ignore
    arg [-plugin-opt=/usr/lib/gcc/x86_64-linux-gnu/5/lto-wrapper] ==> ignore
    arg [-plugin-opt=-fresolution=/tmp/cc3KcCrg.res] ==> ignore
    arg [-plugin-opt=-pass-through=-lgcc_s] ==> ignore
    arg [-plugin-opt=-pass-through=-lgcc] ==> ignore
    arg [-plugin-opt=-pass-through=-lc] ==> ignore
    arg [-plugin-opt=-pass-through=-lgcc_s] ==> ignore
    arg [-plugin-opt=-pass-through=-lgcc] ==> ignore
    arg [--sysroot=/] ==> ignore
    arg [--build-id] ==> ignore
    arg [--eh-frame-hdr] ==> ignore
    arg [-m] ==> ignore
    arg [elf_x86_64] ==> ignore
    arg [--hash-style=gnu] ==> ignore
    arg [--as-needed] ==> ignore
    arg [-export-dynamic] ==> ignore
    arg [-dynamic-linker] ==> ignore
    arg [/lib64/ld-linux-x86-64.so.2] ==> ignore
    arg [-zrelro] ==> ignore
    arg [-o] ==> ignore
    arg [cmTC_bd43e] ==> ignore
    arg [/usr/lib/gcc/x86_64-linux-gnu/5/../../../x86_64-linux-gnu/crt1.o] ==> ignore
    arg [/usr/lib/gcc/x86_64-linux-gnu/5/../../../x86_64-linux-gnu/crti.o] ==> ignore
    arg [/usr/lib/gcc/x86_64-linux-gnu/5/crtbegin.o] ==> ignore
    arg [-L/usr/lib/gcc/x86_64-linux-gnu/5] ==> dir [/usr/lib/gcc/x86_64-linux-gnu/5]
    arg [-L/usr/lib/gcc/x86_64-linux-gnu/5/../../../x86_64-linux-gnu] ==> dir [/usr/lib/gcc/x86_64-linux-gnu/5/../../../x86_64-linux-gnu]
    arg [-L/usr/lib/gcc/x86_64-linux-gnu/5/../../../../lib] ==> dir [/usr/lib/gcc/x86_64-linux-gnu/5/../../../../lib]
    arg [-L/lib/x86_64-linux-gnu] ==> dir [/lib/x86_64-linux-gnu]
    arg [-L/lib/../lib] ==> dir [/lib/../lib]
    arg [-L/usr/lib/x86_64-linux-gnu] ==> dir [/usr/lib/x86_64-linux-gnu]
    arg [-L/usr/lib/../lib] ==> dir [/usr/lib/../lib]
    arg [-L/usr/lib/gcc/x86_64-linux-gnu/5/../../..] ==> dir [/usr/lib/gcc/x86_64-linux-gnu/5/../../..]
    arg [CMakeFiles/cmTC_bd43e.dir/CMakeCXXCompilerABI.cpp.o] ==> ignore
    arg [-lstdc++] ==> lib [stdc++]
    arg [-lm] ==> lib [m]
    arg [-lgcc_s] ==> lib [gcc_s]
    arg [-lgcc] ==> lib [gcc]
    arg [-lc] ==> lib [c]
    arg [-lgcc_s] ==> lib [gcc_s]
    arg [-lgcc] ==> lib [gcc]
    arg [/usr/lib/gcc/x86_64-linux-gnu/5/crtend.o] ==> ignore
    arg [/usr/lib/gcc/x86_64-linux-gnu/5/../../../x86_64-linux-gnu/crtn.o] ==> ignore
  remove lib [gcc_s]
  remove lib [gcc]
  remove lib [gcc_s]
  remove lib [gcc]
  collapse library dir [/usr/lib/gcc/x86_64-linux-gnu/5] ==> [/usr/lib/gcc/x86_64-linux-gnu/5]
  collapse library dir [/usr/lib/gcc/x86_64-linux-gnu/5/../../../x86_64-linux-gnu] ==> [/usr/lib/x86_64-linux-gnu]
  collapse library dir [/usr/lib/gcc/x86_64-linux-gnu/5/../../../../lib] ==> [/usr/lib]
  collapse library dir [/lib/x86_64-linux-gnu] ==> [/lib/x86_64-linux-gnu]
  collapse library dir [/lib/../lib] ==> [/lib]
  collapse library dir [/usr/lib/x86_64-linux-gnu] ==> [/usr/lib/x86_64-linux-gnu]
  collapse library dir [/usr/lib/../lib] ==> [/usr/lib]
  collapse library dir [/usr/lib/gcc/x86_64-linux-gnu/5/../../..] ==> [/usr/lib]
  implicit libs: [stdc++;m;c]
  implicit dirs: [/usr/lib/gcc/x86_64-linux-gnu/5;/usr/lib/x86_64-linux-gnu;/usr/lib;/lib/x86_64-linux-gnu;/lib]
  implicit fwks: []




Detecting CXX [-std=c++14] compiler features compiled with the following output:
Change Dir: /home/yue/Work/stp/build/CMakeFiles/CMakeTmp

Run Build Command:"/usr/bin/make" "cmTC_dd334/fast"
/usr/bin/make -f CMakeFiles/cmTC_dd334.dir/build.make CMakeFiles/cmTC_dd334.dir/build
make[1]: Entering directory '/data/home/yue/Work/stp/build/CMakeFiles/CMakeTmp'
Building CXX object CMakeFiles/cmTC_dd334.dir/feature_tests.cxx.o
/usr/bin/c++     -std=c++14 -o CMakeFiles/cmTC_dd334.dir/feature_tests.cxx.o -c /home/yue/Work/stp/build/CMakeFiles/feature_tests.cxx
Linking CXX executable cmTC_dd334
/usr/bin/cmake -E cmake_link_script CMakeFiles/cmTC_dd334.dir/link.txt --verbose=1
/usr/bin/c++        CMakeFiles/cmTC_dd334.dir/feature_tests.cxx.o  -o cmTC_dd334 -rdynamic 
make[1]: Leaving directory '/data/home/yue/Work/stp/build/CMakeFiles/CMakeTmp'


    Feature record: CXX_FEATURE:1cxx_aggregate_default_initializers
    Feature record: CXX_FEATURE:1cxx_alias_templates
    Feature record: CXX_FEATURE:1cxx_alignas
    Feature record: CXX_FEATURE:1cxx_alignof
    Feature record: CXX_FEATURE:1cxx_attributes
    Feature record: CXX_FEATURE:1cxx_attribute_deprecated
    Feature record: CXX_FEATURE:1cxx_auto_type
    Feature record: CXX_FEATURE:1cxx_binary_literals
    Feature record: CXX_FEATURE:1cxx_constexpr
    Feature record: CXX_FEATURE:1cxx_contextual_conversions
    Feature record: CXX_FEATURE:1cxx_decltype
    Feature record: CXX_FEATURE:1cxx_decltype_auto
    Feature record: CXX_FEATURE:1cxx_decltype_incomplete_return_types
    Feature record: CXX_FEATURE:1cxx_default_function_template_args
    Feature record: CXX_FEATURE:1cxx_defaulted_functions
    Feature record: CXX_FEATURE:1cxx_defaulted_move_initializers
    Feature record: CXX_FEATURE:1cxx_delegating_constructors
    Feature record: CXX_FEATURE:1cxx_deleted_functions
    Feature record: CXX_FEATURE:1cxx_digit_separators
    Feature record: CXX_FEATURE:1cxx_enum_forward_declarations
    Feature record: CXX_FEATURE:1cxx_explicit_conversions
    Feature record: CXX_FEATURE:1cxx_extended_friend_declarations
    Feature record: CXX_FEATURE:1cxx_extern_templates
    Feature record: CXX_FEATURE:1cxx_final
    Feature record: CXX_FEATURE:1cxx_func_identifier
    Feature record: CXX_FEATURE:1cxx_generalized_initializers
    Feature record: CXX_FEATURE:1cxx_generic_lambdas
    Feature record: CXX_FEATURE:1cxx_inheriting_constructors
    Feature record: CXX_FEATURE:1cxx_inline_namespaces
    Feature record: CXX_FEATURE:1cxx_lambdas
    Feature record: CXX_FEATURE:1cxx_lambda_init_captures
    Feature record: CXX_FEATURE:1cxx_local_type_template_args
    Feature record: CXX_FEATURE:1cxx_long_long_type
    Feature record: CXX_FEATURE:1cxx_noexcept
    Feature record: CXX_FEATURE:1cxx_nonstatic_member_init
    Feature record: CXX_FEATURE:1cxx_nullptr
    Feature record: CXX_FEATURE:1cxx_override
    Feature record: CXX_FEATURE:1cxx_range_for
    Feature record: CXX_FEATURE:1cxx_raw_string_literals
    Feature record: CXX_FEATURE:1cxx_reference_qualified_functions
    Feature record: CXX_FEATURE:1cxx_relaxed_constexpr
    Feature record: CXX_FEATURE:1cxx_return_type_deduction
    Feature record: CXX_FEATURE:1cxx_right_angle_brackets
    Feature record: CXX_FEATURE:1cxx_rvalue_references
    Feature record: CXX_FEATURE:1cxx_sizeof_member
    Feature record: CXX_FEATURE:1cxx_static_assert
    Feature record: CXX_FEATURE:1cxx_strong_enums
    Feature record: CXX_FEATURE:1cxx_template_template_parameters
    Feature record: CXX_FEATURE:1cxx_thread_local
    Feature record: CXX_FEATURE:1cxx_trailing_return_types
    Feature record: CXX_FEATURE:1cxx_unicode_literals
    Feature record: CXX_FEATURE:1cxx_uniform_initialization
    Feature record: CXX_FEATURE:1cxx_unrestricted_unions
    Feature record: CXX_FEATURE:1cxx_user_literals
    Feature record: CXX_FEATURE:1cxx_variable_templates
    Feature record: CXX_FEATURE:1cxx_variadic_macros
    Feature record: CXX_FEATURE:1cxx_variadic_templates


Detecting CXX [-std=c++11] compiler features compiled with the following output:
Change Dir: /home/yue/Work/stp/build/CMakeFiles/CMakeTmp

Run Build Command:"/usr/bin/make" "cmTC_9162d/fast"
/usr/bin/make -f CMakeFiles/cmTC_9162d.dir/build.make CMakeFiles/cmTC_9162d.dir/build
make[1]: Entering directory '/data/home/yue/Work/stp/build/CMakeFiles/CMakeTmp'
Building CXX object CMakeFiles/cmTC_9162d.dir/feature_tests.cxx.o
/usr/bin/c++     -std=c++11 -o CMakeFiles/cmTC_9162d.dir/feature_tests.cxx.o -c /home/yue/Work/stp/build/CMakeFiles/feature_tests.cxx
Linking CXX executable cmTC_9162d
/usr/bin/cmake -E cmake_link_script CMakeFiles/cmTC_9162d.dir/link.txt --verbose=1
/usr/bin/c++        CMakeFiles/cmTC_9162d.dir/feature_tests.cxx.o  -o cmTC_9162d -rdynamic 
make[1]: Leaving directory '/data/home/yue/Work/stp/build/CMakeFiles/CMakeTmp'


    Feature record: CXX_FEATURE:0cxx_aggregate_default_initializers
    Feature record: CXX_FEATURE:1cxx_alias_templates
    Feature record: CXX_FEATURE:1cxx_alignas
    Feature record: CXX_FEATURE:1cxx_alignof
    Feature record: CXX_FEATURE:1cxx_attributes
    Feature record: CXX_FEATURE:0cxx_attribute_deprecated
    Feature record: CXX_FEATURE:1cxx_auto_type
    Feature record: CXX_FEATURE:0cxx_binary_literals
    Feature record: CXX_FEATURE:1cxx_constexpr
    Feature record: CXX_FEATURE:0cxx_contextual_conversions
    Feature record: CXX_FEATURE:1cxx_decltype
    Feature record: CXX_FEATURE:0cxx_decltype_auto
    Feature record: CXX_FEATURE:1cxx_decltype_incomplete_return_types
    Feature record: CXX_FEATURE:1cxx_default_function_template_args
    Feature record: CXX_FEATURE:1cxx_defaulted_functions
    Feature record: CXX_FEATURE:1cxx_defaulted_move_initializers
    Feature record: CXX_FEATURE:1cxx_delegating_constructors
    Feature record: CXX_FEATURE:1cxx_deleted_functions
    Feature record: CXX_FEATURE:0cxx_digit_separators
    Feature record: CXX_FEATURE:1cxx_enum_forward_declarations
    Feature record: CXX_FEATURE:1cxx_explicit_conversions
    Feature record: CXX_FEATURE:1cxx_extended_friend_declarations
    Feature record: CXX_FEATURE:1cxx_extern_templates
    Feature record: CXX_FEATURE:1cxx_final
    Feature record: CXX_FEATURE:1cxx_func_identifier
    Feature record: CXX_FEATURE:1cxx_generalized_initializers
    Feature record: CXX_FEATURE:0cxx_generic_lambdas
    Feature record: CXX_FEATURE:1cxx_inheriting_constructors
    Feature record: CXX_FEATURE:1cxx_inline_namespaces
    Feature record: CXX_FEATURE:1cxx_lambdas
    Feature record: CXX_FEATURE:0cxx_lambda_init_captures
    Feature record: CXX_FEATURE:1cxx_local_type_template_args
    Feature record: CXX_FEATURE:1cxx_long_long_type
    Feature record: CXX_FEATURE:1cxx_noexcept
    Feature record: CXX_FEATURE:1cxx_nonstatic_member_init
    Feature record: CXX_FEATURE:1cxx_nullptr
    Feature record: CXX_FEATURE:1cxx_override
    Feature record: CXX_FEATURE:1cxx_range_for
    Feature record: CXX_FEATURE:1cxx_raw_string_literals
    Feature record: CXX_FEATURE:1cxx_reference_qualified_functions
    Feature record: CXX_FEATURE:0cxx_relaxed_constexpr
    Feature record: CXX_FEATURE:0cxx_return_type_deduction
    Feature record: CXX_FEATURE:1cxx_right_angle_brackets
    Feature record: CXX_FEATURE:1cxx_rvalue_references
    Feature record: CXX_FEATURE:1cxx_sizeof_member
    Feature record: CXX_FEATURE:1cxx_static_assert
    Feature record: CXX_FEATURE:1cxx_strong_enums
    Feature record: CXX_FEATURE:1cxx_template_template_parameters
    Feature record: CXX_FEATURE:1cxx_thread_local
    Feature record: CXX_FEATURE:1cxx_trailing_return_types
    Feature record: CXX_FEATURE:1cxx_unicode_literals
    Feature record: CXX_FEATURE:1cxx_uniform_initialization
    Feature record: CXX_FEATURE:1cxx_unrestricted_unions
    Feature record: CXX_FEATURE:1cxx_user_literals
    Feature record: CXX_FEATURE:0cxx_variable_templates
    Feature record: CXX_FEATURE:1cxx_variadic_macros
    Feature record: CXX_FEATURE:1cxx_variadic_templates


Detecting CXX [-std=c++98] compiler features compiled with the following output:
Change Dir: /home/yue/Work/stp/build/CMakeFiles/CMakeTmp

Run Build Command:"/usr/bin/make" "cmTC_6122d/fast"
/usr/bin/make -f CMakeFiles/cmTC_6122d.dir/build.make CMakeFiles/cmTC_6122d.dir/build
make[1]: Entering directory '/data/home/yue/Work/stp/build/CMakeFiles/CMakeTmp'
Building CXX object CMakeFiles/cmTC_6122d.dir/feature_tests.cxx.o
/usr/bin/c++     -std=c++98 -o CMakeFiles/cmTC_6122d.dir/feature_tests.cxx.o -c /home/yue/Work/stp/build/CMakeFiles/feature_tests.cxx
Linking CXX executable cmTC_6122d
/usr/bin/cmake -E cmake_link_script CMakeFiles/cmTC_6122d.dir/link.txt --verbose=1
/usr/bin/c++        CMakeFiles/cmTC_6122d.dir/feature_tests.cxx.o  -o cmTC_6122d -rdynamic 
make[1]: Leaving directory '/data/home/yue/Work/stp/build/CMakeFiles/CMakeTmp'


    Feature record: CXX_FEATURE:0cxx_aggregate_default_initializers
    Feature record: CXX_FEATURE:0cxx_alias_templates
    Feature record: CXX_FEATURE:0cxx_alignas
    Feature record: CXX_FEATURE:0cxx_alignof
    Feature record: CXX_FEATURE:0cxx_attributes
    Feature record: CXX_FEATURE:0cxx_attribute_deprecated
    Feature record: CXX_FEATURE:0cxx_auto_type
    Feature record: CXX_FEATURE:0cxx_binary_literals
    Feature record: CXX_FEATURE:0cxx_constexpr
    Feature record: CXX_FEATURE:0cxx_contextual_conversions
    Feature record: CXX_FEATURE:0cxx_decltype
    Feature record: CXX_FEATURE:0cxx_decltype_auto
    Feature record: CXX_FEATURE:0cxx_decltype_incomplete_return_types
    Feature record: CXX_FEATURE:0cxx_default_function_template_args
    Feature record: CXX_FEATURE:0cxx_defaulted_functions
    Feature record: CXX_FEATURE:0cxx_defaulted_move_initializers
    Feature record: CXX_FEATURE:0cxx_delegating_constructors
    Feature record: CXX_FEATURE:0cxx_deleted_functions
    Feature record: CXX_FEATURE:0cxx_digit_separators
    Feature record: CXX_FEATURE:0cxx_enum_forward_declarations
    Feature record: CXX_FEATURE:0cxx_explicit_conversions
    Feature record: CXX_FEATURE:0cxx_extended_friend_declarations
    Feature record: CXX_FEATURE:0cxx_extern_templates
    Feature record: CXX_FEATURE:0cxx_final
    Feature record: CXX_FEATURE:0cxx_func_identifier
    Feature record: CXX_FEATURE:0cxx_generalized_initializers
    Feature record: CXX_FEATURE:0cxx_generic_lambdas
    Feature record: CXX_FEATURE:0cxx_inheriting_constructors
    Feature record: CXX_FEATURE:0cxx_inline_namespaces
    Feature record: CXX_FEATURE:0cxx_lambdas
    Feature record: CXX_FEATURE:0cxx_lambda_init_captures
    Feature record: CXX_FEATURE:0cxx_local_type_template_args
    Feature record: CXX_FEATURE:0cxx_long_long_type
    Feature record: CXX_FEATURE:0cxx_noexcept
    Feature record: CXX_FEATURE:0cxx_nonstatic_member_init
    Feature record: CXX_FEATURE:0cxx_nullptr
    Feature record: CXX_FEATURE:0cxx_override
    Feature record: CXX_FEATURE:0cxx_range_for
    Feature record: CXX_FEATURE:0cxx_raw_string_literals
    Feature record: CXX_FEATURE:0cxx_reference_qualified_functions
    Feature record: CXX_FEATURE:0cxx_relaxed_constexpr
    Feature record: CXX_FEATURE:0cxx_return_type_deduction
    Feature record: CXX_FEATURE:0cxx_right_angle_brackets
    Feature record: CXX_FEATURE:0cxx_rvalue_references
    Feature record: CXX_FEATURE:0cxx_sizeof_member
    Feature record: CXX_FEATURE:0cxx_static_assert
    Feature record: CXX_FEATURE:0cxx_strong_enums
    Feature record: CXX_FEATURE:1cxx_template_template_parameters
    Feature record: CXX_FEATURE:0cxx_thread_local
    Feature record: CXX_FEATURE:0cxx_trailing_return_types
    Feature record: CXX_FEATURE:0cxx_unicode_literals
    Feature record: CXX_FEATURE:0cxx_uniform_initialization
    Feature record: CXX_FEATURE:0cxx_unrestricted_unions
    Feature record: CXX_FEATURE:0cxx_user_literals
    Feature record: CXX_FEATURE:0cxx_variable_templates
    Feature record: CXX_FEATURE:0cxx_variadic_macros
    Feature record: CXX_FEATURE:0cxx_variadic_templates
Performing C++ SOURCE FILE Test HAVE_FLAG_STD_CPP11 succeeded with the following output:
Change Dir: /home/yue/Work/stp/build/CMakeFiles/CMakeTmp

Run Build Command:"/usr/bin/make" "cmTC_acd12/fast"
/usr/bin/make -f CMakeFiles/cmTC_acd12.dir/build.make CMakeFiles/cmTC_acd12.dir/build
make[1]: Entering directory '/data/home/yue/Work/stp/build/CMakeFiles/CMakeTmp'
Building CXX object CMakeFiles/cmTC_acd12.dir/src.cxx.o
/usr/bin/c++     -DHAVE_FLAG_STD_CPP11   -std=c++11 -o CMakeFiles/cmTC_acd12.dir/src.cxx.o -c /home/yue/Work/stp/build/CMakeFiles/CMakeTmp/src.cxx
Linking CXX executable cmTC_acd12
/usr/bin/cmake -E cmake_link_script CMakeFiles/cmTC_acd12.dir/link.txt --verbose=1
/usr/bin/c++    -DHAVE_FLAG_STD_CPP11    CMakeFiles/cmTC_acd12.dir/src.cxx.o  -o cmTC_acd12 -rdynamic 
make[1]: Leaving directory '/data/home/yue/Work/stp/build/CMakeFiles/CMakeTmp'

Source file was:
int main() { return 0; }
Performing C++ SOURCE FILE Test HAVE_FLAG_-Wall succeeded with the following output:
Change Dir: /home/yue/Work/stp/build/CMakeFiles/CMakeTmp

Run Build Command:"/usr/bin/make" "cmTC_9d1d9/fast"
/usr/bin/make -f CMakeFiles/cmTC_9d1d9.dir/build.make CMakeFiles/cmTC_9d1d9.dir/build
make[1]: Entering directory '/data/home/yue/Work/stp/build/CMakeFiles/CMakeTmp'
Building CXX object CMakeFiles/cmTC_9d1d9.dir/src.cxx.o
/usr/bin/c++     -DHAVE_FLAG_-Wall   -Wall -o CMakeFiles/cmTC_9d1d9.dir/src.cxx.o -c /home/yue/Work/stp/build/CMakeFiles/CMakeTmp/src.cxx
<command-line>:0:11: warning: missing whitespace after the macro name
Linking CXX executable cmTC_9d1d9
/usr/bin/cmake -E cmake_link_script CMakeFiles/cmTC_9d1d9.dir/link.txt --verbose=1
/usr/bin/c++    -DHAVE_FLAG_-Wall    CMakeFiles/cmTC_9d1d9.dir/src.cxx.o  -o cmTC_9d1d9 -rdynamic 
make[1]: Leaving directory '/data/home/yue/Work/stp/build/CMakeFiles/CMakeTmp'

Source file was:
int main() { return 0; }
Performing C++ SOURCE FILE Test HAVE_FLAG_-Wextra succeeded with the following output:
Change Dir: /home/yue/Work/stp/build/CMakeFiles/CMakeTmp

Run Build Command:"/usr/bin/make" "cmTC_70fa9/fast"
/usr/bin/make -f CMakeFiles/cmTC_70fa9.dir/build.make CMakeFiles/cmTC_70fa9.dir/build
make[1]: Entering directory '/data/home/yue/Work/stp/build/CMakeFiles/CMakeTmp'
Building CXX object CMakeFiles/cmTC_70fa9.dir/src.cxx.o
/usr/bin/c++     -Wall -DHAVE_FLAG_-Wextra   -Wextra -o CMakeFiles/cmTC_70fa9.dir/src.cxx.o -c /home/yue/Work/stp/build/CMakeFiles/CMakeTmp/src.cxx
<command-line>:0:11: warning: missing whitespace after the macro name
Linking CXX executable cmTC_70fa9
/usr/bin/cmake -E cmake_link_script CMakeFiles/cmTC_70fa9.dir/link.txt --verbose=1
/usr/bin/c++    -Wall -DHAVE_FLAG_-Wextra    CMakeFiles/cmTC_70fa9.dir/src.cxx.o  -o cmTC_70fa9 -rdynamic 
make[1]: Leaving directory '/data/home/yue/Work/stp/build/CMakeFiles/CMakeTmp'

Source file was:
int main() { return 0; }
Performing C++ SOURCE FILE Test HAVE_FLAG_-Wunused succeeded with the following output:
Change Dir: /home/yue/Work/stp/build/CMakeFiles/CMakeTmp

Run Build Command:"/usr/bin/make" "cmTC_4ba4b/fast"
/usr/bin/make -f CMakeFiles/cmTC_4ba4b.dir/build.make CMakeFiles/cmTC_4ba4b.dir/build
make[1]: Entering directory '/data/home/yue/Work/stp/build/CMakeFiles/CMakeTmp'
Building CXX object CMakeFiles/cmTC_4ba4b.dir/src.cxx.o
/usr/bin/c++     -Wall -Wextra -DHAVE_FLAG_-Wunused   -Wunused -o CMakeFiles/cmTC_4ba4b.dir/src.cxx.o -c /home/yue/Work/stp/build/CMakeFiles/CMakeTmp/src.cxx
<command-line>:0:11: warning: missing whitespace after the macro name
Linking CXX executable cmTC_4ba4b
/usr/bin/cmake -E cmake_link_script CMakeFiles/cmTC_4ba4b.dir/link.txt --verbose=1
/usr/bin/c++    -Wall -Wextra -DHAVE_FLAG_-Wunused    CMakeFiles/cmTC_4ba4b.dir/src.cxx.o  -o cmTC_4ba4b -rdynamic 
make[1]: Leaving directory '/data/home/yue/Work/stp/build/CMakeFiles/CMakeTmp'

Source file was:
int main() { return 0; }
Performing C++ SOURCE FILE Test HAVE_FLAG_-pedantic succeeded with the following output:
Change Dir: /home/yue/Work/stp/build/CMakeFiles/CMakeTmp

Run Build Command:"/usr/bin/make" "cmTC_f1ca4/fast"
/usr/bin/make -f CMakeFiles/cmTC_f1ca4.dir/build.make CMakeFiles/cmTC_f1ca4.dir/build
make[1]: Entering directory '/data/home/yue/Work/stp/build/CMakeFiles/CMakeTmp'
Building CXX object CMakeFiles/cmTC_f1ca4.dir/src.cxx.o
/usr/bin/c++     -Wall -Wextra -Wunused -DHAVE_FLAG_-pedantic   -pedantic -o CMakeFiles/cmTC_f1ca4.dir/src.cxx.o -c /home/yue/Work/stp/build/CMakeFiles/CMakeTmp/src.cxx
<command-line>:0:11: warning: missing whitespace after the macro name
Linking CXX executable cmTC_f1ca4
/usr/bin/cmake -E cmake_link_script CMakeFiles/cmTC_f1ca4.dir/link.txt --verbose=1
/usr/bin/c++    -Wall -Wextra -Wunused -DHAVE_FLAG_-pedantic    CMakeFiles/cmTC_f1ca4.dir/src.cxx.o  -o cmTC_f1ca4 -rdynamic 
make[1]: Leaving directory '/data/home/yue/Work/stp/build/CMakeFiles/CMakeTmp'

Source file was:
int main() { return 0; }
Performing C++ SOURCE FILE Test HAVE_FLAG_-Wsign-compare succeeded with the following output:
Change Dir: /home/yue/Work/stp/build/CMakeFiles/CMakeTmp

Run Build Command:"/usr/bin/make" "cmTC_90eb7/fast"
/usr/bin/make -f CMakeFiles/cmTC_90eb7.dir/build.make CMakeFiles/cmTC_90eb7.dir/build
make[1]: Entering directory '/data/home/yue/Work/stp/build/CMakeFiles/CMakeTmp'
Building CXX object CMakeFiles/cmTC_90eb7.dir/src.cxx.o
/usr/bin/c++     -Wall -Wextra -Wunused -pedantic -DHAVE_FLAG_-Wsign-compare   -Wsign-compare -o CMakeFiles/cmTC_90eb7.dir/src.cxx.o -c /home/yue/Work/stp/build/CMakeFiles/CMakeTmp/src.cxx
<command-line>:0:11: warning: missing whitespace after the macro name
Linking CXX executable cmTC_90eb7
/usr/bin/cmake -E cmake_link_script CMakeFiles/cmTC_90eb7.dir/link.txt --verbose=1
/usr/bin/c++    -Wall -Wextra -Wunused -pedantic -DHAVE_FLAG_-Wsign-compare    CMakeFiles/cmTC_90eb7.dir/src.cxx.o  -o cmTC_90eb7 -rdynamic 
make[1]: Leaving directory '/data/home/yue/Work/stp/build/CMakeFiles/CMakeTmp'

Source file was:
int main() { return 0; }
Performing C++ SOURCE FILE Test HAVE_FLAG_-fno-omit-frame-pointer succeeded with the following output:
Change Dir: /home/yue/Work/stp/build/CMakeFiles/CMakeTmp

Run Build Command:"/usr/bin/make" "cmTC_3964d/fast"
/usr/bin/make -f CMakeFiles/cmTC_3964d.dir/build.make CMakeFiles/cmTC_3964d.dir/build
make[1]: Entering directory '/data/home/yue/Work/stp/build/CMakeFiles/CMakeTmp'
Building CXX object CMakeFiles/cmTC_3964d.dir/src.cxx.o
/usr/bin/c++     -Wall -Wextra -Wunused -pedantic -Wsign-compare -DHAVE_FLAG_-fno-omit-frame-pointer   -fno-omit-frame-pointer -o CMakeFiles/cmTC_3964d.dir/src.cxx.o -c /home/yue/Work/stp/build/CMakeFiles/CMakeTmp/src.cxx
<command-line>:0:11: warning: missing whitespace after the macro name
Linking CXX executable cmTC_3964d
/usr/bin/cmake -E cmake_link_script CMakeFiles/cmTC_3964d.dir/link.txt --verbose=1
/usr/bin/c++    -Wall -Wextra -Wunused -pedantic -Wsign-compare -DHAVE_FLAG_-fno-omit-frame-pointer    CMakeFiles/cmTC_3964d.dir/src.cxx.o  -o cmTC_3964d -rdynamic 
make[1]: Leaving directory '/data/home/yue/Work/stp/build/CMakeFiles/CMakeTmp'

Source file was:
int main() { return 0; }
Performing C++ SOURCE FILE Test HAVE_FLAG_-Wtype-limits succeeded with the following output:
Change Dir: /home/yue/Work/stp/build/CMakeFiles/CMakeTmp

Run Build Command:"/usr/bin/make" "cmTC_358eb/fast"
/usr/bin/make -f CMakeFiles/cmTC_358eb.dir/build.make CMakeFiles/cmTC_358eb.dir/build
make[1]: Entering directory '/data/home/yue/Work/stp/build/CMakeFiles/CMakeTmp'
Building CXX object CMakeFiles/cmTC_358eb.dir/src.cxx.o
/usr/bin/c++     -Wall -Wextra -Wunused -pedantic -Wsign-compare -fno-omit-frame-pointer -DHAVE_FLAG_-Wtype-limits   -Wtype-limits -o CMakeFiles/cmTC_358eb.dir/src.cxx.o -c /home/yue/Work/stp/build/CMakeFiles/CMakeTmp/src.cxx
<command-line>:0:11: warning: missing whitespace after the macro name
Linking CXX executable cmTC_358eb
/usr/bin/cmake -E cmake_link_script CMakeFiles/cmTC_358eb.dir/link.txt --verbose=1
/usr/bin/c++    -Wall -Wextra -Wunused -pedantic -Wsign-compare -fno-omit-frame-pointer -DHAVE_FLAG_-Wtype-limits    CMakeFiles/cmTC_358eb.dir/src.cxx.o  -o cmTC_358eb -rdynamic 
make[1]: Leaving directory '/data/home/yue/Work/stp/build/CMakeFiles/CMakeTmp'

Source file was:
int main() { return 0; }
Performing C++ SOURCE FILE Test HAVE_FLAG_-Wuninitialized succeeded with the following output:
Change Dir: /home/yue/Work/stp/build/CMakeFiles/CMakeTmp

Run Build Command:"/usr/bin/make" "cmTC_dec41/fast"
/usr/bin/make -f CMakeFiles/cmTC_dec41.dir/build.make CMakeFiles/cmTC_dec41.dir/build
make[1]: Entering directory '/data/home/yue/Work/stp/build/CMakeFiles/CMakeTmp'
Building CXX object CMakeFiles/cmTC_dec41.dir/src.cxx.o
/usr/bin/c++     -Wall -Wextra -Wunused -pedantic -Wsign-compare -fno-omit-frame-pointer -Wtype-limits -DHAVE_FLAG_-Wuninitialized   -Wuninitialized -o CMakeFiles/cmTC_dec41.dir/src.cxx.o -c /home/yue/Work/stp/build/CMakeFiles/CMakeTmp/src.cxx
<command-line>:0:11: warning: missing whitespace after the macro name
Linking CXX executable cmTC_dec41
/usr/bin/cmake -E cmake_link_script CMakeFiles/cmTC_dec41.dir/link.txt --verbose=1
/usr/bin/c++    -Wall -Wextra -Wunused -pedantic -Wsign-compare -fno-omit-frame-pointer -Wtype-limits -DHAVE_FLAG_-Wuninitialized    CMakeFiles/cmTC_dec41.dir/src.cxx.o  -o cmTC_dec41 -rdynamic 
make[1]: Leaving directory '/data/home/yue/Work/stp/build/CMakeFiles/CMakeTmp'

Source file was:
int main() { return 0; }
Performing C++ SOURCE FILE Test HAVE_FLAG_-Wno-deprecated succeeded with the following output:
Change Dir: /home/yue/Work/stp/build/CMakeFiles/CMakeTmp

Run Build Command:"/usr/bin/make" "cmTC_52c27/fast"
/usr/bin/make -f CMakeFiles/cmTC_52c27.dir/build.make CMakeFiles/cmTC_52c27.dir/build
make[1]: Entering directory '/data/home/yue/Work/stp/build/CMakeFiles/CMakeTmp'
Building CXX object CMakeFiles/cmTC_52c27.dir/src.cxx.o
/usr/bin/c++     -Wall -Wextra -Wunused -pedantic -Wsign-compare -fno-omit-frame-pointer -Wtype-limits -Wuninitialized -DHAVE_FLAG_-Wno-deprecated   -Wno-deprecated -o CMakeFiles/cmTC_52c27.dir/src.cxx.o -c /home/yue/Work/stp/build/CMakeFiles/CMakeTmp/src.cxx
<command-line>:0:11: warning: missing whitespace after the macro name
Linking CXX executable cmTC_52c27
/usr/bin/cmake -E cmake_link_script CMakeFiles/cmTC_52c27.dir/link.txt --verbose=1
/usr/bin/c++    -Wall -Wextra -Wunused -pedantic -Wsign-compare -fno-omit-frame-pointer -Wtype-limits -Wuninitialized -DHAVE_FLAG_-Wno-deprecated    CMakeFiles/cmTC_52c27.dir/src.cxx.o  -o cmTC_52c27 -rdynamic 
make[1]: Leaving directory '/data/home/yue/Work/stp/build/CMakeFiles/CMakeTmp'

Source file was:
int main() { return 0; }
Performing C++ SOURCE FILE Test HAVE_FLAG_-Wstrict-aliasing succeeded with the following output:
Change Dir: /home/yue/Work/stp/build/CMakeFiles/CMakeTmp

Run Build Command:"/usr/bin/make" "cmTC_039d7/fast"
/usr/bin/make -f CMakeFiles/cmTC_039d7.dir/build.make CMakeFiles/cmTC_039d7.dir/build
make[1]: Entering directory '/data/home/yue/Work/stp/build/CMakeFiles/CMakeTmp'
Building CXX object CMakeFiles/cmTC_039d7.dir/src.cxx.o
/usr/bin/c++     -Wall -Wextra -Wunused -pedantic -Wsign-compare -fno-omit-frame-pointer -Wtype-limits -Wuninitialized -Wno-deprecated -DHAVE_FLAG_-Wstrict-aliasing   -Wstrict-aliasing -o CMakeFiles/cmTC_039d7.dir/src.cxx.o -c /home/yue/Work/stp/build/CMakeFiles/CMakeTmp/src.cxx
<command-line>:0:11: warning: missing whitespace after the macro name
Linking CXX executable cmTC_039d7
/usr/bin/cmake -E cmake_link_script CMakeFiles/cmTC_039d7.dir/link.txt --verbose=1
/usr/bin/c++    -Wall -Wextra -Wunused -pedantic -Wsign-compare -fno-omit-frame-pointer -Wtype-limits -Wuninitialized -Wno-deprecated -DHAVE_FLAG_-Wstrict-aliasing    CMakeFiles/cmTC_039d7.dir/src.cxx.o  -o cmTC_039d7 -rdynamic 
make[1]: Leaving directory '/data/home/yue/Work/stp/build/CMakeFiles/CMakeTmp'

Source file was:
int main() { return 0; }
Performing C++ SOURCE FILE Test HAVE_FLAG_-Wpointer-arith succeeded with the following output:
Change Dir: /home/yue/Work/stp/build/CMakeFiles/CMakeTmp

Run Build Command:"/usr/bin/make" "cmTC_c02ff/fast"
/usr/bin/make -f CMakeFiles/cmTC_c02ff.dir/build.make CMakeFiles/cmTC_c02ff.dir/build
make[1]: Entering directory '/data/home/yue/Work/stp/build/CMakeFiles/CMakeTmp'
Building CXX object CMakeFiles/cmTC_c02ff.dir/src.cxx.o
/usr/bin/c++     -Wall -Wextra -Wunused -pedantic -Wsign-compare -fno-omit-frame-pointer -Wtype-limits -Wuninitialized -Wno-deprecated -Wstrict-aliasing -DHAVE_FLAG_-Wpointer-arith   -Wpointer-arith -o CMakeFiles/cmTC_c02ff.dir/src.cxx.o -c /home/yue/Work/stp/build/CMakeFiles/CMakeTmp/src.cxx
<command-line>:0:11: warning: missing whitespace after the macro name
Linking CXX executable cmTC_c02ff
/usr/bin/cmake -E cmake_link_script CMakeFiles/cmTC_c02ff.dir/link.txt --verbose=1
/usr/bin/c++    -Wall -Wextra -Wunused -pedantic -Wsign-compare -fno-omit-frame-pointer -Wtype-limits -Wuninitialized -Wno-deprecated -Wstrict-aliasing -DHAVE_FLAG_-Wpointer-arith    CMakeFiles/cmTC_c02ff.dir/src.cxx.o  -o cmTC_c02ff -rdynamic 
make[1]: Leaving directory '/data/home/yue/Work/stp/build/CMakeFiles/CMakeTmp'

Source file was:
int main() { return 0; }
Performing C++ SOURCE FILE Test HAVE_FLAG_-fvisibility=hidden succeeded with the following output:
Change Dir: /home/yue/Work/stp/build/CMakeFiles/CMakeTmp

Run Build Command:"/usr/bin/make" "cmTC_316c6/fast"
/usr/bin/make -f CMakeFiles/cmTC_316c6.dir/build.make CMakeFiles/cmTC_316c6.dir/build
make[1]: Entering directory '/data/home/yue/Work/stp/build/CMakeFiles/CMakeTmp'
Building CXX object CMakeFiles/cmTC_316c6.dir/src.cxx.o
/usr/bin/c++     -Wall -Wextra -Wunused -pedantic -Wsign-compare -fno-omit-frame-pointer -Wtype-limits -Wuninitialized -Wno-deprecated -Wstrict-aliasing -Wpointer-arith -DHAVE_FLAG_-fvisibility=hidden   -fvisibility=hidden -o CMakeFiles/cmTC_316c6.dir/src.cxx.o -c /home/yue/Work/stp/build/CMakeFiles/CMakeTmp/src.cxx
<command-line>:0:11: warning: missing whitespace after the macro name
Linking CXX executable cmTC_316c6
/usr/bin/cmake -E cmake_link_script CMakeFiles/cmTC_316c6.dir/link.txt --verbose=1
/usr/bin/c++    -Wall -Wextra -Wunused -pedantic -Wsign-compare -fno-omit-frame-pointer -Wtype-limits -Wuninitialized -Wno-deprecated -Wstrict-aliasing -Wpointer-arith -DHAVE_FLAG_-fvisibility=hidden    CMakeFiles/cmTC_316c6.dir/src.cxx.o  -o cmTC_316c6 -rdynamic 
make[1]: Leaving directory '/data/home/yue/Work/stp/build/CMakeFiles/CMakeTmp'

Source file was:
int main() { return 0; }
Performing C++ SOURCE FILE Test HAVE_FLAG_-Wformat-nonliteral succeeded with the following output:
Change Dir: /home/yue/Work/stp/build/CMakeFiles/CMakeTmp

Run Build Command:"/usr/bin/make" "cmTC_be2ef/fast"
/usr/bin/make -f CMakeFiles/cmTC_be2ef.dir/build.make CMakeFiles/cmTC_be2ef.dir/build
make[1]: Entering directory '/data/home/yue/Work/stp/build/CMakeFiles/CMakeTmp'
Building CXX object CMakeFiles/cmTC_be2ef.dir/src.cxx.o
/usr/bin/c++     -Wall -Wextra -Wunused -pedantic -Wsign-compare -fno-omit-frame-pointer -Wtype-limits -Wuninitialized -Wno-deprecated -Wstrict-aliasing -Wpointer-arith -fvisibility=hidden -Wpointer-arith -DHAVE_FLAG_-Wformat-nonliteral   -Wformat-nonliteral -o CMakeFiles/cmTC_be2ef.dir/src.cxx.o -c /home/yue/Work/stp/build/CMakeFiles/CMakeTmp/src.cxx
<command-line>:0:11: warning: missing whitespace after the macro name
Linking CXX executable cmTC_be2ef
/usr/bin/cmake -E cmake_link_script CMakeFiles/cmTC_be2ef.dir/link.txt --verbose=1
/usr/bin/c++    -Wall -Wextra -Wunused -pedantic -Wsign-compare -fno-omit-frame-pointer -Wtype-limits -Wuninitialized -Wno-deprecated -Wstrict-aliasing -Wpointer-arith -fvisibility=hidden -Wpointer-arith -DHAVE_FLAG_-Wformat-nonliteral    CMakeFiles/cmTC_be2ef.dir/src.cxx.o  -o cmTC_be2ef -rdynamic 
make[1]: Leaving directory '/data/home/yue/Work/stp/build/CMakeFiles/CMakeTmp'

Source file was:
int main() { return 0; }
Performing C++ SOURCE FILE Test HAVE_FLAG_-Winit-self succeeded with the following output:
Change Dir: /home/yue/Work/stp/build/CMakeFiles/CMakeTmp

Run Build Command:"/usr/bin/make" "cmTC_267d9/fast"
/usr/bin/make -f CMakeFiles/cmTC_267d9.dir/build.make CMakeFiles/cmTC_267d9.dir/build
make[1]: Entering directory '/data/home/yue/Work/stp/build/CMakeFiles/CMakeTmp'
Building CXX object CMakeFiles/cmTC_267d9.dir/src.cxx.o
/usr/bin/c++     -Wall -Wextra -Wunused -pedantic -Wsign-compare -fno-omit-frame-pointer -Wtype-limits -Wuninitialized -Wno-deprecated -Wstrict-aliasing -Wpointer-arith -fvisibility=hidden -Wpointer-arith -Wformat-nonliteral -DHAVE_FLAG_-Winit-self   -Winit-self -o CMakeFiles/cmTC_267d9.dir/src.cxx.o -c /home/yue/Work/stp/build/CMakeFiles/CMakeTmp/src.cxx
<command-line>:0:11: warning: missing whitespace after the macro name
Linking CXX executable cmTC_267d9
/usr/bin/cmake -E cmake_link_script CMakeFiles/cmTC_267d9.dir/link.txt --verbose=1
/usr/bin/c++    -Wall -Wextra -Wunused -pedantic -Wsign-compare -fno-omit-frame-pointer -Wtype-limits -Wuninitialized -Wno-deprecated -Wstrict-aliasing -Wpointer-arith -fvisibility=hidden -Wpointer-arith -Wformat-nonliteral -DHAVE_FLAG_-Winit-self    CMakeFiles/cmTC_267d9.dir/src.cxx.o  -o cmTC_267d9 -rdynamic 
make[1]: Leaving directory '/data/home/yue/Work/stp/build/CMakeFiles/CMakeTmp'

Source file was:
int main() { return 0; }
Performing C++ SOURCE FILE Test HAVE_FLAG_-Wparentheses succeeded with the following output:
Change Dir: /home/yue/Work/stp/build/CMakeFiles/CMakeTmp

Run Build Command:"/usr/bin/make" "cmTC_c25c7/fast"
/usr/bin/make -f CMakeFiles/cmTC_c25c7.dir/build.make CMakeFiles/cmTC_c25c7.dir/build
make[1]: Entering directory '/data/home/yue/Work/stp/build/CMakeFiles/CMakeTmp'
Building CXX object CMakeFiles/cmTC_c25c7.dir/src.cxx.o
/usr/bin/c++     -Wall -Wextra -Wunused -pedantic -Wsign-compare -fno-omit-frame-pointer -Wtype-limits -Wuninitialized -Wno-deprecated -Wstrict-aliasing -Wpointer-arith -fvisibility=hidden -Wpointer-arith -Wformat-nonliteral -Winit-self -DHAVE_FLAG_-Wparentheses   -Wparentheses -o CMakeFiles/cmTC_c25c7.dir/src.cxx.o -c /home/yue/Work/stp/build/CMakeFiles/CMakeTmp/src.cxx
<command-line>:0:11: warning: missing whitespace after the macro name
Linking CXX executable cmTC_c25c7
/usr/bin/cmake -E cmake_link_script CMakeFiles/cmTC_c25c7.dir/link.txt --verbose=1
/usr/bin/c++    -Wall -Wextra -Wunused -pedantic -Wsign-compare -fno-omit-frame-pointer -Wtype-limits -Wuninitialized -Wno-deprecated -Wstrict-aliasing -Wpointer-arith -fvisibility=hidden -Wpointer-arith -Wformat-nonliteral -Winit-self -DHAVE_FLAG_-Wparentheses    CMakeFiles/cmTC_c25c7.dir/src.cxx.o  -o cmTC_c25c7 -rdynamic 
make[1]: Leaving directory '/data/home/yue/Work/stp/build/CMakeFiles/CMakeTmp'

Source file was:
int main() { return 0; }
Performing C++ SOURCE FILE Test HAVE_FLAG_-Wunreachable-code succeeded with the following output:
Change Dir: /home/yue/Work/stp/build/CMakeFiles/CMakeTmp

Run Build Command:"/usr/bin/make" "cmTC_64bb1/fast"
/usr/bin/make -f CMakeFiles/cmTC_64bb1.dir/build.make CMakeFiles/cmTC_64bb1.dir/build
make[1]: Entering directory '/data/home/yue/Work/stp/build/CMakeFiles/CMakeTmp'
Building CXX object CMakeFiles/cmTC_64bb1.dir/src.cxx.o
/usr/bin/c++     -Wall -Wextra -Wunused -pedantic -Wsign-compare -fno-omit-frame-pointer -Wtype-limits -Wuninitialized -Wno-deprecated -Wstrict-aliasing -Wpointer-arith -fvisibility=hidden -Wpointer-arith -Wformat-nonliteral -Winit-self -Wparentheses -DHAVE_FLAG_-Wunreachable-code   -Wunreachable-code -o CMakeFiles/cmTC_64bb1.dir/src.cxx.o -c /home/yue/Work/stp/build/CMakeFiles/CMakeTmp/src.cxx
<command-line>:0:11: warning: missing whitespace after the macro name
Linking CXX executable cmTC_64bb1
/usr/bin/cmake -E cmake_link_script CMakeFiles/cmTC_64bb1.dir/link.txt --verbose=1
/usr/bin/c++    -Wall -Wextra -Wunused -pedantic -Wsign-compare -fno-omit-frame-pointer -Wtype-limits -Wuninitialized -Wno-deprecated -Wstrict-aliasing -Wpointer-arith -fvisibility=hidden -Wpointer-arith -Wformat-nonliteral -Winit-self -Wparentheses -DHAVE_FLAG_-Wunreachable-code    CMakeFiles/cmTC_64bb1.dir/src.cxx.o  -o cmTC_64bb1 -rdynamic 
make[1]: Leaving directory '/data/home/yue/Work/stp/build/CMakeFiles/CMakeTmp'

Source file was:
int main() { return 0; }
Performing C++ SOURCE FILE Test HAVE_FLAG_-ggdb3 succeeded with the following output:
Change Dir: /home/yue/Work/stp/build/CMakeFiles/CMakeTmp

Run Build Command:"/usr/bin/make" "cmTC_32599/fast"
/usr/bin/make -f CMakeFiles/cmTC_32599.dir/build.make CMakeFiles/cmTC_32599.dir/build
make[1]: Entering directory '/data/home/yue/Work/stp/build/CMakeFiles/CMakeTmp'
Building CXX object CMakeFiles/cmTC_32599.dir/src.cxx.o
/usr/bin/c++     -Wall -Wextra -Wunused -pedantic -Wsign-compare -fno-omit-frame-pointer -Wtype-limits -Wuninitialized -Wno-deprecated -Wstrict-aliasing -Wpointer-arith -fvisibility=hidden -Wpointer-arith -Wformat-nonliteral -Winit-self -Wparentheses -Wunreachable-code -DHAVE_FLAG_-ggdb3   -ggdb3 -o CMakeFiles/cmTC_32599.dir/src.cxx.o -c /home/yue/Work/stp/build/CMakeFiles/CMakeTmp/src.cxx
<command-line>:0:11: warning: missing whitespace after the macro name
Linking CXX executable cmTC_32599
/usr/bin/cmake -E cmake_link_script CMakeFiles/cmTC_32599.dir/link.txt --verbose=1
/usr/bin/c++    -Wall -Wextra -Wunused -pedantic -Wsign-compare -fno-omit-frame-pointer -Wtype-limits -Wuninitialized -Wno-deprecated -Wstrict-aliasing -Wpointer-arith -fvisibility=hidden -Wpointer-arith -Wformat-nonliteral -Winit-self -Wparentheses -Wunreachable-code -DHAVE_FLAG_-ggdb3    CMakeFiles/cmTC_32599.dir/src.cxx.o  -o cmTC_32599 -rdynamic 
make[1]: Leaving directory '/data/home/yue/Work/stp/build/CMakeFiles/CMakeTmp'

Source file was:
int main() { return 0; }
Determining if the include file unistd.h exists passed with the following output:
Change Dir: /home/yue/Work/stp/build/CMakeFiles/CMakeTmp

Run Build Command:"/usr/bin/make" "cmTC_6159b/fast"
/usr/bin/make -f CMakeFiles/cmTC_6159b.dir/build.make CMakeFiles/cmTC_6159b.dir/build
make[1]: Entering directory '/data/home/yue/Work/stp/build/CMakeFiles/CMakeTmp'
Building C object CMakeFiles/cmTC_6159b.dir/CheckIncludeFile.c.o
/usr/bin/cc     -o CMakeFiles/cmTC_6159b.dir/CheckIncludeFile.c.o   -c /home/yue/Work/stp/build/CMakeFiles/CMakeTmp/CheckIncludeFile.c
Linking C executable cmTC_6159b
/usr/bin/cmake -E cmake_link_script CMakeFiles/cmTC_6159b.dir/link.txt --verbose=1
/usr/bin/cc       CMakeFiles/cmTC_6159b.dir/CheckIncludeFile.c.o  -o cmTC_6159b -rdynamic 
make[1]: Leaving directory '/data/home/yue/Work/stp/build/CMakeFiles/CMakeTmp'


Performing C SOURCE FILE Test HAVE_C_FLAG_-fPIC succeeded with the following output:
Change Dir: /home/yue/Work/stp/build/CMakeFiles/CMakeTmp

Run Build Command:"/usr/bin/make" "cmTC_cf66f/fast"
/usr/bin/make -f CMakeFiles/cmTC_cf66f.dir/build.make CMakeFiles/cmTC_cf66f.dir/build
make[1]: Entering directory '/data/home/yue/Work/stp/build/CMakeFiles/CMakeTmp'
Building C object CMakeFiles/cmTC_cf66f.dir/src.c.o
/usr/bin/cc    -DHAVE_C_FLAG_-fPIC   -fPIC -o CMakeFiles/cmTC_cf66f.dir/src.c.o   -c /home/yue/Work/stp/build/CMakeFiles/CMakeTmp/src.c
<command-line>:0:13: warning: ISO C99 requires whitespace after the macro name
Linking C executable cmTC_cf66f
/usr/bin/cmake -E cmake_link_script CMakeFiles/cmTC_cf66f.dir/link.txt --verbose=1
/usr/bin/cc   -DHAVE_C_FLAG_-fPIC    CMakeFiles/cmTC_cf66f.dir/src.c.o  -o cmTC_cf66f -rdynamic 
make[1]: Leaving directory '/data/home/yue/Work/stp/build/CMakeFiles/CMakeTmp'

Source file was:
int main(void) { return 0; }
